This file contains any messages produced by compilers while
running configure, to aid debugging if configure makes a mistake.

It was created by epdfinfo configure 1.0, which was
generated by GNU Autoconf 2.72.  Invocation command line was

  $ ./configure -q --bindir=/Users/arun/.emacs.d/elpa/pdf-tools-1.1.0/

## --------- ##
## Platform. ##
## --------- ##

hostname = MacBook-Pro-de-Arunava.local
uname -m = arm64
uname -r = 24.6.0
uname -s = Darwin
uname -v = Darwin Kernel Version 24.6.0: Mon Jul 14 11:29:54 PDT 2025; root:xnu-11417.140.69~1/RELEASE_ARM64_T8122

/usr/bin/uname -p = arm
/bin/uname -X     = unknown

/bin/arch              = unknown
/usr/bin/arch -k       = unknown
/usr/convex/getsysinfo = unknown
/usr/bin/hostinfo      = Mach kernel version:
	 Darwin Kernel Version 24.6.0: Mon Jul 14 11:29:54 PDT 2025; root:xnu-11417.140.69~1/RELEASE_ARM64_T8122
Kernel configured for up to 8 processors.
8 processors are physically available.
8 processors are logically available.
Processor type: arm64e (ARM64E)
Processors active: 0 1 2 3 4 5 6 7
Primary memory available: 16.00 gigabytes
Default processor set: 631 tasks, 2854 threads, 8 processors
Load average: 1.55, Mach factor: 6.44
/bin/machine           = unknown
/usr/bin/oslevel       = unknown
/bin/universe          = unknown

PATH: /Users/arun/.opam/default/bin/
PATH: /Applications/MacPorts/Emacs.app/Contents/MacOS/
PATH: /Users/arun/.elan/bin/
PATH: /Users/arun/.deno/bin/
PATH: /Users/arun/.elan/bin/
PATH: /opt/local/bin/
PATH: /opt/local/sbin/
PATH: /usr/local/bin/
PATH: /System/Cryptexes/App/usr/bin/
PATH: /usr/bin/
PATH: /bin/
PATH: /usr/sbin/
PATH: /sbin/
PATH: /var/run/com.apple.security.cryptexd/codex.system/bootstrap/usr/local/bin/
PATH: /var/run/com.apple.security.cryptexd/codex.system/bootstrap/usr/bin/
PATH: /var/run/com.apple.security.cryptexd/codex.system/bootstrap/usr/appleinternal/bin/
PATH: /Library/Apple/usr/bin/
PATH: /Library/TeX/texbin/
PATH: /Users/arun/.elan/bin/
PATH: /opt/local/bin/
PATH: /opt/local/sbin/
PATH: /Applications/Emacs.app/Contents/MacOS/bin-arm64-11/
PATH: /Applications/Emacs.app/Contents/MacOS/libexec-arm64-11/
PATH: /Users/arun/Downloads/platform-tools/
PATH: /Users/arun/Downloads/typst-aarch64-apple-darwin/
PATH: /Users/arun/Downloads/exercism-3.5.5-darwin-arm64/
PATH: /Users/arun/.cargo/bin/
PATH: /Applications/sioyek.app/Contents/MacOS/
PATH: /Users/arun/Library/Python/3.13/bin/


## ----------- ##
## Core tests. ##
## ----------- ##

configure:2465: looking for aux files: config.guess config.sub ar-lib compile missing install-sh
configure:2478:  trying ./
configure:2507:   ./config.guess found
configure:2507:   ./config.sub found
configure:2507:   ./ar-lib found
configure:2507:   ./compile found
configure:2507:   ./missing found
configure:2489:   ./install-sh found
configure:2637: checking for a BSD-compatible install
configure:2711: result: /usr/bin/install -c
configure:2722: checking whether sleep supports fractional seconds
configure:2738: result: yes
configure:2741: checking filesystem timestamp resolution
configure:2876: result: 2
configure:2881: checking whether build environment is sane
configure:2926: result: yes
configure:3097: checking for a race-free mkdir -p
configure:3140: result: mkdir -p
configure:3147: checking for gawk
configure:3183: result: no
configure:3147: checking for mawk
configure:3183: result: no
configure:3147: checking for nawk
configure:3183: result: no
configure:3147: checking for awk
configure:3168: found /usr/bin/awk
configure:3180: result: awk
configure:3191: checking whether make sets $(MAKE)
configure:3215: result: yes
configure:3241: checking whether make supports nested variables
configure:3260: result: yes
configure:3274: checking xargs -n works
configure:3290: result: yes
configure:3375: checking whether UID '501' is supported by ustar format
configure:3381: result: yes
configure:3388: checking whether GID '20' is supported by ustar format
configure:3394: result: yes
configure:3402: checking how to create a ustar tar archive
configure:3413: tar --version
bsdtar 3.5.3 - libarchive 3.7.4 zlib/1.2.12 liblzma/5.4.3 bz2lib/1.0.8 
configure:3416: $? = 0
configure:3456: tardir=conftest.dir && eval tar --format=ustar -chf - "$tardir" >conftest.tar
configure:3459: $? = 0
configure:3463: tar -xf - <conftest.tar
configure:3466: $? = 0
configure:3468: cat conftest.dir/file
GrepMe
configure:3471: $? = 0
configure:3486: result: gnutar
configure:3580: checking for gcc
configure:3601: found /usr/bin/gcc
configure:3613: result: gcc
configure:3972: checking for C compiler version
configure:3981: gcc --version >&5
Apple clang version 17.0.0 (clang-1700.0.13.5)
Target: arm64-apple-darwin24.6.0
Thread model: posix
InstalledDir: /Applications/Xcode.app/Contents/Developer/Toolchains/XcodeDefault.xctoolchain/usr/bin
configure:3992: $? = 0
configure:3981: gcc -v >&5
Apple clang version 17.0.0 (clang-1700.0.13.5)
Target: arm64-apple-darwin24.6.0
Thread model: posix
InstalledDir: /Applications/Xcode.app/Contents/Developer/Toolchains/XcodeDefault.xctoolchain/usr/bin
configure:3992: $? = 0
configure:3981: gcc -V >&5
clang: error: argument to '-V' is missing (expected 1 value)
clang: error: no input files
configure:3992: $? = 1
configure:3981: gcc -qversion >&5
clang: error: unknown argument '-qversion'; did you mean '--version'?
clang: error: no input files
configure:3992: $? = 1
configure:3981: gcc -version >&5
clang: error: unknown argument '-version'; did you mean '--version'?
clang: error: no input files
configure:3992: $? = 1
configure:4012: checking whether the C compiler works
configure:4034: gcc    conftest.c  >&5
configure:4038: $? = 0
configure:4089: result: yes
configure:4093: checking for C compiler default output file name
configure:4095: result: a.out
configure:4101: checking for suffix of executables
configure:4108: gcc -o conftest    conftest.c  >&5
configure:4112: $? = 0
configure:4136: result: 
configure:4160: checking whether we are cross compiling
configure:4168: gcc -o conftest    conftest.c  >&5
configure:4172: $? = 0
configure:4179: ./conftest
configure:4183: $? = 0
configure:4198: result: no
configure:4204: checking for suffix of object files
configure:4227: gcc -c   conftest.c >&5
configure:4231: $? = 0
configure:4255: result: o
configure:4259: checking whether the compiler supports GNU C
configure:4279: gcc -c   conftest.c >&5
configure:4279: $? = 0
configure:4291: result: yes
configure:4302: checking whether gcc accepts -g
configure:4323: gcc -c -g  conftest.c >&5
configure:4323: $? = 0
configure:4370: result: yes
configure:4390: checking for gcc option to enable C11 features
configure:4405: gcc  -c -g -O2  conftest.c >&5
configure:4405: $? = 0
configure:4424: result: none needed
configure:4548: checking whether gcc understands -c and -o together
configure:4571: gcc -c conftest.c -o conftest2.o
configure:4574: $? = 0
configure:4571: gcc -c conftest.c -o conftest2.o
configure:4574: $? = 0
configure:4590: result: yes
configure:4610: checking whether make supports the include directive
configure:4625: make -f confmf.GNU && cat confinc.out
this is the am__doit target
configure:4628: $? = 0
configure:4647: result: yes (GNU style)
configure:4673: checking dependency style of gcc
configure:4786: result: gcc3
configure:4851: checking for ranlib
configure:4872: found /opt/local/bin/ranlib
configure:4884: result: ranlib
configure:4963: checking for ar
configure:4984: found /opt/local/bin/ar
configure:4996: result: ar
configure:5023: checking the archiver (ar) interface
configure:5040: gcc -c -g -O2  conftest.c >&5
configure:5040: $? = 0
configure:5043: ar cr libconftest.a conftest.o >&5
configure:5046: $? = 0
configure:5075: result: ar
configure:5161: checking for pkg-config
configure:5184: found /opt/local/bin/pkg-config
configure:5197: result: /opt/local/bin/pkg-config
configure:5222: checking pkg-config is at least version 0.9.0
configure:5225: result: yes
configure:5235: checking for libpng
configure:5242: $PKG_CONFIG --exists --print-errors "libpng"
configure:5245: $? = 0
configure:5259: $PKG_CONFIG --exists --print-errors "libpng"
configure:5262: $? = 0
configure:5320: result: yes
configure:5326: checking for glib-2.0
configure:5333: $PKG_CONFIG --exists --print-errors "glib-2.0"
configure:5336: $? = 0
configure:5350: $PKG_CONFIG --exists --print-errors "glib-2.0"
configure:5353: $? = 0
configure:5411: result: yes
configure:5417: checking for poppler
configure:5424: $PKG_CONFIG --exists --print-errors "poppler"
configure:5427: $? = 0
configure:5441: $PKG_CONFIG --exists --print-errors "poppler"
configure:5444: $? = 0
configure:5502: result: yes
configure:5508: checking for poppler-glib >= 0.16.0
configure:5515: $PKG_CONFIG --exists --print-errors "poppler-glib >= 0.16.0"
configure:5518: $? = 0
configure:5532: $PKG_CONFIG --exists --print-errors "poppler-glib >= 0.16.0"
configure:5535: $? = 0
configure:5593: result: yes
configure:5598: $PKG_CONFIG --exists --print-errors "poppler-glib >= 0.19.4"
configure:5601: $? = 0
configure:5606: $PKG_CONFIG --exists --print-errors "poppler-glib >= 0.22"
configure:5609: $? = 0
configure:5614: $PKG_CONFIG --exists --print-errors "poppler-glib >= 0.26"
configure:5617: $? = 0
configure:5623: checking for zlib
configure:5630: $PKG_CONFIG --exists --print-errors "zlib"
configure:5633: $? = 0
configure:5647: $PKG_CONFIG --exists --print-errors "zlib"
configure:5650: $? = 0
configure:5708: result: yes
configure:5728: gcc -c -g -O2  conftest.c >&5
conftest.c:13:8: error: unknown type name 'error'
   13 |        error
      |        ^
1 error generated.
configure:5728: $? = 1
configure: failed program was:
| /* confdefs.h */
| #define PACKAGE_NAME "epdfinfo"
| #define PACKAGE_TARNAME "epdfinfo"
| #define PACKAGE_VERSION "1.0"
| #define PACKAGE_STRING "epdfinfo 1.0"
| #define PACKAGE_BUGREPORT "politza@fh-trier.de"
| #define PACKAGE_URL ""
| #define PACKAGE "epdfinfo"
| #define VERSION "1.0"
| /* end confdefs.h.  */
| 
|      #ifndef _WIN32
|        error
|      #endif
| 
| int
| main (void)
| {
| 
|   ;
|   return 0;
| }
configure:5777: checking build system type
configure:5793: result: aarch64-apple-darwin24.6.0
configure:5813: checking host system type
configure:5828: result: aarch64-apple-darwin24.6.0
configure:5853: checking for stdio.h
configure:5853: gcc -c -g -O2  conftest.c >&5
configure:5853: $? = 0
configure:5853: result: yes
configure:5853: checking for stdlib.h
configure:5853: gcc -c -g -O2  conftest.c >&5
configure:5853: $? = 0
configure:5853: result: yes
configure:5853: checking for string.h
configure:5853: gcc -c -g -O2  conftest.c >&5
configure:5853: $? = 0
configure:5853: result: yes
configure:5853: checking for inttypes.h
configure:5853: gcc -c -g -O2  conftest.c >&5
configure:5853: $? = 0
configure:5853: result: yes
configure:5853: checking for stdint.h
configure:5853: gcc -c -g -O2  conftest.c >&5
configure:5853: $? = 0
configure:5853: result: yes
configure:5853: checking for strings.h
configure:5853: gcc -c -g -O2  conftest.c >&5
configure:5853: $? = 0
configure:5853: result: yes
configure:5853: checking for sys/stat.h
configure:5853: gcc -c -g -O2  conftest.c >&5
configure:5853: $? = 0
configure:5853: result: yes
configure:5853: checking for sys/types.h
configure:5853: gcc -c -g -O2  conftest.c >&5
configure:5853: $? = 0
configure:5853: result: yes
configure:5853: checking for unistd.h
configure:5853: gcc -c -g -O2  conftest.c >&5
configure:5853: $? = 0
configure:5853: result: yes
configure:5878: checking for stdlib.h
configure:5878: result: yes
configure:5884: checking for string.h
configure:5884: result: yes
configure:5890: checking for strings.h
configure:5890: result: yes
configure:5896: checking for err.h
configure:5896: gcc -c -g -O2  conftest.c >&5
configure:5896: $? = 0
configure:5896: result: yes
configure:5904: checking for error.h
configure:5927: gcc -c -I/opt/local/include/poppler -I/opt/local/include/poppler/glib -I/opt/local/include/poppler -I/opt/local/include/cairo -I/opt/local/include -I/opt/local/include/glib-2.0 -I/opt/local/lib/glib-2.0/include -I/opt/local/include -I/opt/local/include/pixman-1 -I/opt/local/include -I/opt/local/include/freetype2 -I/opt/local/include -I/opt/local/include/libpng16 -I/opt/local/include  conftest.c >&5
conftest.c:29:18: warning: non-portable path to file '<Error.h>'; specified path differs in case from file name on disk [-Wnonportable-include-path]
   29 |         #include <error.h>
      |                  ^~~~~~~~~
      |                  <Error.h>
In file included from conftest.c:29:
/opt/local/include/poppler/error.h:31:10: fatal error: 'cstdarg' file not found
   31 | #include <cstdarg>
      |          ^~~~~~~~~
1 warning and 1 error generated.
configure:5927: $? = 1
configure: failed program was:
| /* confdefs.h */
| #define PACKAGE_NAME "epdfinfo"
| #define PACKAGE_TARNAME "epdfinfo"
| #define PACKAGE_VERSION "1.0"
| #define PACKAGE_STRING "epdfinfo 1.0"
| #define PACKAGE_BUGREPORT "politza@fh-trier.de"
| #define PACKAGE_URL ""
| #define PACKAGE "epdfinfo"
| #define VERSION "1.0"
| #define HAVE_POPPLER_FIND_OPTS 1
| #define HAVE_POPPLER_ANNOT_WRITE 1
| #define HAVE_POPPLER_ANNOT_MARKUP 1
| #define HAVE_STDIO_H 1
| #define HAVE_STDLIB_H 1
| #define HAVE_STRING_H 1
| #define HAVE_INTTYPES_H 1
| #define HAVE_STDINT_H 1
| #define HAVE_STRINGS_H 1
| #define HAVE_SYS_STAT_H 1
| #define HAVE_SYS_TYPES_H 1
| #define HAVE_UNISTD_H 1
| #define STDC_HEADERS 1
| #define HAVE_STDLIB_H 1
| #define HAVE_STRING_H 1
| #define HAVE_STRINGS_H 1
| #define HAVE_ERR_H 1
| /* end confdefs.h.  */
| 
|         #include <error.h>
| 
| int
| main (void)
| {
| error (0, 0, "");
|   ;
|   return 0;
| }
configure:5935: result: no
configure:5949: checking for size_t
configure:5949: gcc -c -g -O2  conftest.c >&5
configure:5949: $? = 0
configure:5949: gcc -c -g -O2  conftest.c >&5
conftest.c:59:21: error: expected expression
   59 | if (sizeof ((size_t)))
      |                     ^
1 error generated.
configure:5949: $? = 1
configure: failed program was:
| /* confdefs.h */
| #define PACKAGE_NAME "epdfinfo"
| #define PACKAGE_TARNAME "epdfinfo"
| #define PACKAGE_VERSION "1.0"
| #define PACKAGE_STRING "epdfinfo 1.0"
| #define PACKAGE_BUGREPORT "politza@fh-trier.de"
| #define PACKAGE_URL ""
| #define PACKAGE "epdfinfo"
| #define VERSION "1.0"
| #define HAVE_POPPLER_FIND_OPTS 1
| #define HAVE_POPPLER_ANNOT_WRITE 1
| #define HAVE_POPPLER_ANNOT_MARKUP 1
| #define HAVE_STDIO_H 1
| #define HAVE_STDLIB_H 1
| #define HAVE_STRING_H 1
| #define HAVE_INTTYPES_H 1
| #define HAVE_STDINT_H 1
| #define HAVE_STRINGS_H 1
| #define HAVE_SYS_STAT_H 1
| #define HAVE_SYS_TYPES_H 1
| #define HAVE_UNISTD_H 1
| #define STDC_HEADERS 1
| #define HAVE_STDLIB_H 1
| #define HAVE_STRING_H 1
| #define HAVE_STRINGS_H 1
| #define HAVE_ERR_H 1
| /* end confdefs.h.  */
| #include <stddef.h>
| #ifdef HAVE_STDIO_H
| # include <stdio.h>
| #endif
| #ifdef HAVE_STDLIB_H
| # include <stdlib.h>
| #endif
| #ifdef HAVE_STRING_H
| # include <string.h>
| #endif
| #ifdef HAVE_INTTYPES_H
| # include <inttypes.h>
| #endif
| #ifdef HAVE_STDINT_H
| # include <stdint.h>
| #endif
| #ifdef HAVE_STRINGS_H
| # include <strings.h>
| #endif
| #ifdef HAVE_SYS_TYPES_H
| # include <sys/types.h>
| #endif
| #ifdef HAVE_SYS_STAT_H
| # include <sys/stat.h>
| #endif
| #ifdef HAVE_UNISTD_H
| # include <unistd.h>
| #endif
| int
| main (void)
| {
| if (sizeof ((size_t)))
| 	    return 0;
|   ;
|   return 0;
| }
configure:5949: result: yes
configure:5960: checking for ssize_t
configure:5960: gcc -c -g -O2  conftest.c >&5
configure:5960: $? = 0
configure:5960: gcc -c -g -O2  conftest.c >&5
conftest.c:59:22: error: expected expression
   59 | if (sizeof ((ssize_t)))
      |                      ^
1 error generated.
configure:5960: $? = 1
configure: failed program was:
| /* confdefs.h */
| #define PACKAGE_NAME "epdfinfo"
| #define PACKAGE_TARNAME "epdfinfo"
| #define PACKAGE_VERSION "1.0"
| #define PACKAGE_STRING "epdfinfo 1.0"
| #define PACKAGE_BUGREPORT "politza@fh-trier.de"
| #define PACKAGE_URL ""
| #define PACKAGE "epdfinfo"
| #define VERSION "1.0"
| #define HAVE_POPPLER_FIND_OPTS 1
| #define HAVE_POPPLER_ANNOT_WRITE 1
| #define HAVE_POPPLER_ANNOT_MARKUP 1
| #define HAVE_STDIO_H 1
| #define HAVE_STDLIB_H 1
| #define HAVE_STRING_H 1
| #define HAVE_INTTYPES_H 1
| #define HAVE_STDINT_H 1
| #define HAVE_STRINGS_H 1
| #define HAVE_SYS_STAT_H 1
| #define HAVE_SYS_TYPES_H 1
| #define HAVE_UNISTD_H 1
| #define STDC_HEADERS 1
| #define HAVE_STDLIB_H 1
| #define HAVE_STRING_H 1
| #define HAVE_STRINGS_H 1
| #define HAVE_ERR_H 1
| /* end confdefs.h.  */
| #include <stddef.h>
| #ifdef HAVE_STDIO_H
| # include <stdio.h>
| #endif
| #ifdef HAVE_STDLIB_H
| # include <stdlib.h>
| #endif
| #ifdef HAVE_STRING_H
| # include <string.h>
| #endif
| #ifdef HAVE_INTTYPES_H
| # include <inttypes.h>
| #endif
| #ifdef HAVE_STDINT_H
| # include <stdint.h>
| #endif
| #ifdef HAVE_STRINGS_H
| # include <strings.h>
| #endif
| #ifdef HAVE_SYS_TYPES_H
| # include <sys/types.h>
| #endif
| #ifdef HAVE_SYS_STAT_H
| # include <sys/stat.h>
| #endif
| #ifdef HAVE_UNISTD_H
| # include <unistd.h>
| #endif
| int
| main (void)
| {
| if (sizeof ((ssize_t)))
| 	    return 0;
|   ;
|   return 0;
| }
configure:5960: result: yes
configure:5971: checking for ptrdiff_t
configure:5971: gcc -c -g -O2  conftest.c >&5
configure:5971: $? = 0
configure:5971: gcc -c -g -O2  conftest.c >&5
conftest.c:59:24: error: expected expression
   59 | if (sizeof ((ptrdiff_t)))
      |                        ^
1 error generated.
configure:5971: $? = 1
configure: failed program was:
| /* confdefs.h */
| #define PACKAGE_NAME "epdfinfo"
| #define PACKAGE_TARNAME "epdfinfo"
| #define PACKAGE_VERSION "1.0"
| #define PACKAGE_STRING "epdfinfo 1.0"
| #define PACKAGE_BUGREPORT "politza@fh-trier.de"
| #define PACKAGE_URL ""
| #define PACKAGE "epdfinfo"
| #define VERSION "1.0"
| #define HAVE_POPPLER_FIND_OPTS 1
| #define HAVE_POPPLER_ANNOT_WRITE 1
| #define HAVE_POPPLER_ANNOT_MARKUP 1
| #define HAVE_STDIO_H 1
| #define HAVE_STDLIB_H 1
| #define HAVE_STRING_H 1
| #define HAVE_INTTYPES_H 1
| #define HAVE_STDINT_H 1
| #define HAVE_STRINGS_H 1
| #define HAVE_SYS_STAT_H 1
| #define HAVE_SYS_TYPES_H 1
| #define HAVE_UNISTD_H 1
| #define STDC_HEADERS 1
| #define HAVE_STDLIB_H 1
| #define HAVE_STRING_H 1
| #define HAVE_STRINGS_H 1
| #define HAVE_ERR_H 1
| /* end confdefs.h.  */
| #include <stddef.h>
| #ifdef HAVE_STDIO_H
| # include <stdio.h>
| #endif
| #ifdef HAVE_STDLIB_H
| # include <stdlib.h>
| #endif
| #ifdef HAVE_STRING_H
| # include <string.h>
| #endif
| #ifdef HAVE_INTTYPES_H
| # include <inttypes.h>
| #endif
| #ifdef HAVE_STDINT_H
| # include <stdint.h>
| #endif
| #ifdef HAVE_STRINGS_H
| # include <strings.h>
| #endif
| #ifdef HAVE_SYS_TYPES_H
| # include <sys/types.h>
| #endif
| #ifdef HAVE_SYS_STAT_H
| # include <sys/stat.h>
| #endif
| #ifdef HAVE_UNISTD_H
| # include <unistd.h>
| #endif
| int
| main (void)
| {
| if (sizeof ((ptrdiff_t)))
| 	    return 0;
|   ;
|   return 0;
| }
configure:5971: result: yes
configure:5980: checking whether byte ordering is bigendian
configure:5996: gcc -c -g -O2  conftest.c >&5
configure:5996: $? = 0
configure:6042: gcc -c -g -O2  conftest.c >&5
configure:6042: $? = 0
configure:6061: gcc -c -g -O2  conftest.c >&5
conftest.c:36:4: error: use of undeclared identifier 'not'
   36 |                  not big endian
      |                  ^
1 error generated.
configure:6061: $? = 1
configure: failed program was:
| /* confdefs.h */
| #define PACKAGE_NAME "epdfinfo"
| #define PACKAGE_TARNAME "epdfinfo"
| #define PACKAGE_VERSION "1.0"
| #define PACKAGE_STRING "epdfinfo 1.0"
| #define PACKAGE_BUGREPORT "politza@fh-trier.de"
| #define PACKAGE_URL ""
| #define PACKAGE "epdfinfo"
| #define VERSION "1.0"
| #define HAVE_POPPLER_FIND_OPTS 1
| #define HAVE_POPPLER_ANNOT_WRITE 1
| #define HAVE_POPPLER_ANNOT_MARKUP 1
| #define HAVE_STDIO_H 1
| #define HAVE_STDLIB_H 1
| #define HAVE_STRING_H 1
| #define HAVE_INTTYPES_H 1
| #define HAVE_STDINT_H 1
| #define HAVE_STRINGS_H 1
| #define HAVE_SYS_STAT_H 1
| #define HAVE_SYS_TYPES_H 1
| #define HAVE_UNISTD_H 1
| #define STDC_HEADERS 1
| #define HAVE_STDLIB_H 1
| #define HAVE_STRING_H 1
| #define HAVE_STRINGS_H 1
| #define HAVE_ERR_H 1
| #define HAVE_PTRDIFF_T 1
| /* end confdefs.h.  */
| #include <sys/types.h>
| 		#include <sys/param.h>
| 
| int
| main (void)
| {
| #if BYTE_ORDER != BIG_ENDIAN
| 		 not big endian
| 		#endif
| 
|   ;
|   return 0;
| }
configure:6202: result: no
configure:6222: checking for error_at_line
configure:6239: gcc -o conftest -g -O2   conftest.c  >&5
conftest.c:29:10: fatal error: 'error.h' file not found
   29 | #include <error.h>
      |          ^~~~~~~~~
1 error generated.
configure:6239: $? = 1
configure: failed program was:
| /* confdefs.h */
| #define PACKAGE_NAME "epdfinfo"
| #define PACKAGE_TARNAME "epdfinfo"
| #define PACKAGE_VERSION "1.0"
| #define PACKAGE_STRING "epdfinfo 1.0"
| #define PACKAGE_BUGREPORT "politza@fh-trier.de"
| #define PACKAGE_URL ""
| #define PACKAGE "epdfinfo"
| #define VERSION "1.0"
| #define HAVE_POPPLER_FIND_OPTS 1
| #define HAVE_POPPLER_ANNOT_WRITE 1
| #define HAVE_POPPLER_ANNOT_MARKUP 1
| #define HAVE_STDIO_H 1
| #define HAVE_STDLIB_H 1
| #define HAVE_STRING_H 1
| #define HAVE_INTTYPES_H 1
| #define HAVE_STDINT_H 1
| #define HAVE_STRINGS_H 1
| #define HAVE_SYS_STAT_H 1
| #define HAVE_SYS_TYPES_H 1
| #define HAVE_UNISTD_H 1
| #define STDC_HEADERS 1
| #define HAVE_STDLIB_H 1
| #define HAVE_STRING_H 1
| #define HAVE_STRINGS_H 1
| #define HAVE_ERR_H 1
| #define HAVE_PTRDIFF_T 1
| /* end confdefs.h.  */
| #include <error.h>
| int
| main (void)
| {
| error_at_line (0, 0, "", 0, "an error occurred");
|   ;
|   return 0;
| }
configure:6250: result: no
configure:6261: checking for working strtod
configure:6301: gcc -o conftest -g -O2   conftest.c  >&5
configure:6301: $? = 0
configure:6301: ./conftest
configure:6301: $? = 0
configure:6315: result: yes
configure:6387: checking for strcspn
configure:6387: gcc -o conftest -g -O2   conftest.c  >&5
conftest.c:45:6: warning: incompatible redeclaration of library function 'strcspn' [-Wincompatible-library-redeclaration]
   45 | char strcspn (void);
      |      ^
conftest.c:45:6: note: 'strcspn' is a builtin with type 'unsigned long (const char *, const char *)'
1 warning generated.
configure:6387: $? = 0
configure:6387: result: yes
configure:6393: checking for strtol
configure:6393: gcc -o conftest -g -O2   conftest.c  >&5
conftest.c:46:6: warning: incompatible redeclaration of library function 'strtol' [-Wincompatible-library-redeclaration]
   46 | char strtol (void);
      |      ^
conftest.c:46:6: note: 'strtol' is a builtin with type 'long (const char *, char **, int)'
1 warning generated.
configure:6393: $? = 0
configure:6393: result: yes
configure:6399: checking for getline
configure:6399: gcc -o conftest -g -O2   conftest.c  >&5
configure:6399: $? = 0
configure:6399: result: yes
configure:6518: checking that generated files are newer than configure
configure:6524: result: done
configure:6564: creating ./config.status

## ---------------------- ##
## Running config.status. ##
## ---------------------- ##

This file was extended by epdfinfo config.status 1.0, which was
generated by GNU Autoconf 2.72.  Invocation command line was

  CONFIG_FILES    = 
  CONFIG_HEADERS  = 
  CONFIG_LINKS    = 
  CONFIG_COMMANDS = 
  $ ./config.status --quiet

on MacBook-Pro-de-Arunava.local

config.status:891: creating Makefile
config.status:891: creating config.h
config.status:1120: executing depfiles commands
config.status:1197: cd .       && sed -e '/# am--include-marker/d' Makefile         | make -f - am--depfiles
config.status:1202: $? = 0

## ---------------- ##
## Cache variables. ##
## ---------------- ##

ac_cv_build=aarch64-apple-darwin24.6.0
ac_cv_c_bigendian=no
ac_cv_c_compiler_gnu=yes
ac_cv_env_CC_set=
ac_cv_env_CC_value=
ac_cv_env_CFLAGS_set=
ac_cv_env_CFLAGS_value=
ac_cv_env_CPPFLAGS_set=
ac_cv_env_CPPFLAGS_value=
ac_cv_env_LDFLAGS_set=
ac_cv_env_LDFLAGS_value=
ac_cv_env_LIBS_set=
ac_cv_env_LIBS_value=
ac_cv_env_PKG_CONFIG_LIBDIR_set=
ac_cv_env_PKG_CONFIG_LIBDIR_value=
ac_cv_env_PKG_CONFIG_PATH_set=
ac_cv_env_PKG_CONFIG_PATH_value=
ac_cv_env_PKG_CONFIG_set=
ac_cv_env_PKG_CONFIG_value=
ac_cv_env_build_alias_set=
ac_cv_env_build_alias_value=
ac_cv_env_glib_CFLAGS_set=
ac_cv_env_glib_CFLAGS_value=
ac_cv_env_glib_LIBS_set=
ac_cv_env_glib_LIBS_value=
ac_cv_env_host_alias_set=
ac_cv_env_host_alias_value=
ac_cv_env_png_CFLAGS_set=
ac_cv_env_png_CFLAGS_value=
ac_cv_env_png_LIBS_set=
ac_cv_env_png_LIBS_value=
ac_cv_env_poppler_CFLAGS_set=
ac_cv_env_poppler_CFLAGS_value=
ac_cv_env_poppler_LIBS_set=
ac_cv_env_poppler_LIBS_value=
ac_cv_env_poppler_glib_CFLAGS_set=
ac_cv_env_poppler_glib_CFLAGS_value=
ac_cv_env_poppler_glib_LIBS_set=
ac_cv_env_poppler_glib_LIBS_value=
ac_cv_env_target_alias_set=
ac_cv_env_target_alias_value=
ac_cv_env_zlib_CFLAGS_set=
ac_cv_env_zlib_CFLAGS_value=
ac_cv_env_zlib_LIBS_set=
ac_cv_env_zlib_LIBS_value=
ac_cv_func_getline=yes
ac_cv_func_strcspn=yes
ac_cv_func_strtod=yes
ac_cv_func_strtol=yes
ac_cv_header_err_h=yes
ac_cv_header_inttypes_h=yes
ac_cv_header_stdint_h=yes
ac_cv_header_stdio_h=yes
ac_cv_header_stdlib_h=yes
ac_cv_header_string_h=yes
ac_cv_header_strings_h=yes
ac_cv_header_sys_stat_h=yes
ac_cv_header_sys_types_h=yes
ac_cv_header_unistd_h=yes
ac_cv_host=aarch64-apple-darwin24.6.0
ac_cv_lib_error_at_line=no
ac_cv_objext=o
ac_cv_path_ac_pt_PKG_CONFIG=/opt/local/bin/pkg-config
ac_cv_path_install='/usr/bin/install -c'
ac_cv_prog_AWK=awk
ac_cv_prog_ac_ct_AR=ar
ac_cv_prog_ac_ct_CC=gcc
ac_cv_prog_ac_ct_RANLIB=ranlib
ac_cv_prog_cc_c11=
ac_cv_prog_cc_g=yes
ac_cv_prog_cc_stdc=
ac_cv_prog_make_make_set=yes
ac_cv_type_ptrdiff_t=yes
ac_cv_type_size_t=yes
ac_cv_type_ssize_t=yes
am_cv_CC_dependencies_compiler_type=gcc3
am_cv_ar_interface=ar
am_cv_filesystem_timestamp_resolution=2
am_cv_make_support_nested_variables=yes
am_cv_prog_cc_c_o=yes
am_cv_prog_tar_ustar=gnutar
am_cv_sleep_fractional_seconds=yes
am_cv_xargs_n_works=yes
pkg_cv_glib_CFLAGS='-I/opt/local/include/glib-2.0 -I/opt/local/lib/glib-2.0/include -I/opt/local/include'
pkg_cv_glib_LIBS='-L/opt/local/lib -lglib-2.0 -lintl'
pkg_cv_png_CFLAGS='-I/opt/local/include/libpng16 -I/opt/local/include'
pkg_cv_png_LIBS='-L/opt/local/lib -lpng16'
pkg_cv_poppler_CFLAGS=-I/opt/local/include/poppler
pkg_cv_poppler_LIBS='-L/opt/local/lib -lpoppler'
pkg_cv_poppler_glib_CFLAGS='-I/opt/local/include/poppler/glib -I/opt/local/include/poppler -I/opt/local/include/cairo -I/opt/local/include -I/opt/local/include/glib-2.0 -I/opt/local/lib/glib-2.0/include -I/opt/local/include -I/opt/local/include/pixman-1 -I/opt/local/include -I/opt/local/include/freetype2 -I/opt/local/include -I/opt/local/include/libpng16 -I/opt/local/include'
pkg_cv_poppler_glib_LIBS='-L/opt/local/lib -lpoppler-glib -lgobject-2.0 -lglib-2.0 -lintl -lcairo'
pkg_cv_zlib_CFLAGS=-I/opt/local/include
pkg_cv_zlib_LIBS='-L/opt/local/lib -lz'

## ----------------- ##
## Output variables. ##
## ----------------- ##

ACLOCAL='${SHELL} '\''/Users/arun/.emacs.d/elpa/pdf-tools-1.1.0/server/missing'\'' aclocal-1.18'
AMDEPBACKSLASH='\'
AMDEP_FALSE='#'
AMDEP_TRUE=''
AMTAR='$${TAR-tar}'
AM_BACKSLASH='\'
AM_DEFAULT_V='$(AM_DEFAULT_VERBOSITY)'
AM_DEFAULT_VERBOSITY='1'
AM_V='$(V)'
AR='ar'
AUTOCONF='${SHELL} '\''/Users/arun/.emacs.d/elpa/pdf-tools-1.1.0/server/missing'\'' autoconf'
AUTOHEADER='${SHELL} '\''/Users/arun/.emacs.d/elpa/pdf-tools-1.1.0/server/missing'\'' autoheader'
AUTOMAKE='${SHELL} '\''/Users/arun/.emacs.d/elpa/pdf-tools-1.1.0/server/missing'\'' automake-1.18'
AWK='awk'
CC='gcc'
CCDEPMODE='depmode=gcc3'
CFLAGS='-g -O2'
CPPFLAGS=''
CSCOPE='cscope'
CTAGS='ctags'
CYGPATH_W='echo'
DEFS='-DHAVE_CONFIG_H'
DEPDIR='.deps'
ECHO_C='\c'
ECHO_N=''
ECHO_T=''
ETAGS='etags'
EXEEXT=''
HAVE_W32_FALSE=''
HAVE_W32_TRUE='#'
INSTALL_DATA='${INSTALL} -m 644'
INSTALL_PROGRAM='${INSTALL}'
INSTALL_SCRIPT='${INSTALL}'
INSTALL_STRIP_PROGRAM='$(install_sh) -c -s'
LDFLAGS=''
LIBOBJS=' ${LIBOBJDIR}error$U.o'
LIBS=''
LTLIBOBJS=' ${LIBOBJDIR}error$U.lo'
MAKEINFO='${SHELL} '\''/Users/arun/.emacs.d/elpa/pdf-tools-1.1.0/server/missing'\'' makeinfo'
MKDIR_P='mkdir -p'
OBJEXT='o'
PACKAGE='epdfinfo'
PACKAGE_BUGREPORT='politza@fh-trier.de'
PACKAGE_NAME='epdfinfo'
PACKAGE_STRING='epdfinfo 1.0'
PACKAGE_TARNAME='epdfinfo'
PACKAGE_URL=''
PACKAGE_VERSION='1.0'
PATH_SEPARATOR=':'
PKG_CONFIG='/opt/local/bin/pkg-config'
PKG_CONFIG_LIBDIR=''
PKG_CONFIG_PATH=''
POW_LIB=''
RANLIB='ranlib'
SET_MAKE=''
SHELL='/bin/sh'
STRIP=''
VERSION='1.0'
ac_ct_AR='ar'
ac_ct_CC='gcc'
am__EXEEXT_FALSE=''
am__EXEEXT_TRUE='#'
am__fastdepCC_FALSE='#'
am__fastdepCC_TRUE=''
am__include='include'
am__isrc=''
am__leading_dot='.'
am__nodep='_no'
am__quote=''
am__rm_f_notfound=''
am__tar='tar --format=ustar -chf - "$$tardir"'
am__untar='tar -xf -'
am__xargs_n='xargs -n'
bindir='/Users/arun/.emacs.d/elpa/pdf-tools-1.1.0'
build='aarch64-apple-darwin24.6.0'
build_alias=''
build_cpu='aarch64'
build_os='darwin24.6.0'
build_vendor='apple'
datadir='${datarootdir}'
datarootdir='${prefix}/share'
docdir='${datarootdir}/doc/${PACKAGE_TARNAME}'
dvidir='${docdir}'
exec_prefix='${prefix}'
glib_CFLAGS='-I/opt/local/include/glib-2.0 -I/opt/local/lib/glib-2.0/include -I/opt/local/include'
glib_LIBS='-L/opt/local/lib -lglib-2.0 -lintl'
host='aarch64-apple-darwin24.6.0'
host_alias=''
host_cpu='aarch64'
host_os='darwin24.6.0'
host_vendor='apple'
htmldir='${docdir}'
includedir='${prefix}/include'
infodir='${datarootdir}/info'
install_sh='${SHELL} /Users/arun/.emacs.d/elpa/pdf-tools-1.1.0/server/install-sh'
libdir='${exec_prefix}/lib'
libexecdir='${exec_prefix}/libexec'
localedir='${datarootdir}/locale'
localstatedir='${prefix}/var'
mandir='${datarootdir}/man'
mkdir_p='$(MKDIR_P)'
oldincludedir='/usr/include'
pdfdir='${docdir}'
png_CFLAGS='-I/opt/local/include/libpng16 -I/opt/local/include'
png_LIBS='-L/opt/local/lib -lpng16'
poppler_CFLAGS='-I/opt/local/include/poppler'
poppler_LIBS='-L/opt/local/lib -lpoppler'
poppler_glib_CFLAGS='-I/opt/local/include/poppler/glib -I/opt/local/include/poppler -I/opt/local/include/cairo -I/opt/local/include -I/opt/local/include/glib-2.0 -I/opt/local/lib/glib-2.0/include -I/opt/local/include -I/opt/local/include/pixman-1 -I/opt/local/include -I/opt/local/include/freetype2 -I/opt/local/include -I/opt/local/include/libpng16 -I/opt/local/include'
poppler_glib_LIBS='-L/opt/local/lib -lpoppler-glib -lgobject-2.0 -lglib-2.0 -lintl -lcairo'
prefix='/usr/local'
program_transform_name='s,x,x,'
psdir='${docdir}'
runstatedir='${localstatedir}/run'
sbindir='${exec_prefix}/sbin'
sharedstatedir='${prefix}/com'
sysconfdir='${prefix}/etc'
target_alias=''
zlib_CFLAGS='-I/opt/local/include'
zlib_LIBS='-L/opt/local/lib -lz'

## ----------- ##
## confdefs.h. ##
## ----------- ##

/* confdefs.h */
#define PACKAGE_NAME "epdfinfo"
#define PACKAGE_TARNAME "epdfinfo"
#define PACKAGE_VERSION "1.0"
#define PACKAGE_STRING "epdfinfo 1.0"
#define PACKAGE_BUGREPORT "politza@fh-trier.de"
#define PACKAGE_URL ""
#define PACKAGE "epdfinfo"
#define VERSION "1.0"
#define HAVE_POPPLER_FIND_OPTS 1
#define HAVE_POPPLER_ANNOT_WRITE 1
#define HAVE_POPPLER_ANNOT_MARKUP 1
#define HAVE_STDIO_H 1
#define HAVE_STDLIB_H 1
#define HAVE_STRING_H 1
#define HAVE_INTTYPES_H 1
#define HAVE_STDINT_H 1
#define HAVE_STRINGS_H 1
#define HAVE_SYS_STAT_H 1
#define HAVE_SYS_TYPES_H 1
#define HAVE_UNISTD_H 1
#define STDC_HEADERS 1
#define HAVE_STDLIB_H 1
#define HAVE_STRING_H 1
#define HAVE_STRINGS_H 1
#define HAVE_ERR_H 1
#define HAVE_PTRDIFF_T 1
#define HAVE_STRCSPN 1
#define HAVE_STRTOL 1
#define HAVE_GETLINE 1

configure: exit 0
